[I][2025-09-19T15:02:46.365961Z] Configuration file: ./orchestrator.json
[I][2025-09-19T15:02:46.366364Z] Server name: Genesis
[I][2025-09-19T15:02:46.366519Z] Server ID: ZCZ95YJJ693UF78
[I][2025-09-19T15:02:46.366921Z] Service bind to ens3
[I][2025-09-19T15:02:46.367262Z] TCP bound at 192.168.2.10:30030
[I][2025-09-19T15:02:46.367435Z] UDP bound at 0.0.0.0:30030
[I][2025-09-19T15:02:46.367573Z] Orchestrator Manager is running (pid 57074)
[E][2025-09-19T15:02:46.367842Z] Failed to open Orchestrator status update file /var/www/html/status.json
[I][2025-09-19T15:02:49.769301Z] DEVIQ-DEV information saved on Managed Devices section
[I][2025-09-19T15:02:49.770290Z] Request [Discover] replied to 192.168.2.114
[I][2025-09-19T15:02:49.836763Z] DEVIQ-LAB information saved on Managed Devices section
[I][2025-09-19T15:02:49.837112Z] Request [Discover] replied to 192.168.2.246
[E][2025-09-19T15:12:46.367439Z] Failed to open Orchestrator status update file /var/www/html/status.json
[E][2025-09-19T15:22:46.367524Z] Failed to open Orchestrator status update file /var/www/html/status.json
[E][2025-09-19T15:32:46.367516Z] Failed to open Orchestrator status update file /var/www/html/status.json
[E][2025-09-19T15:42:46.367478Z] Failed to open Orchestrator status update file /var/www/html/status.json
[E][2025-09-19T15:52:46.367515Z] Failed to open Orchestrator status update file /var/www/html/status.json
[E][2025-09-19T16:02:46.367537Z] Failed to open Orchestrator status update file /var/www/html/status.json
[E][2025-09-19T16:12:46.367487Z] Failed to open Orchestrator status update file /var/www/html/status.json
[E][2025-09-19T16:22:46.367477Z] Failed to open Orchestrator status update file /var/www/html/status.json
[E][2025-09-19T16:32:46.367502Z] Failed to open Orchestrator status update file /var/www/html/status.json
[E][2025-09-19T16:42:46.367490Z] Failed to open Orchestrator status update file /var/www/html/status.json
[E][2025-09-19T16:52:46.367562Z] Failed to open Orchestrator status update file /var/www/html/status.json
